2023-04-23 00:05:05 [main] INFO  c.l.t.ThailinkManageApplication - Starting ThailinkManageApplication using Java 18.0.2.1 on testqw1 with PID 8308 (C:\Users\liuti\IdeaProjects\thailinkManage\target\classes started by liuti in C:\Users\liuti\IdeaProjects\thailinkManage)
2023-04-23 00:05:05 [main] INFO  c.l.t.ThailinkManageApplication - No active profile set, falling back to 1 default profile: "default"
2023-04-23 00:05:05 [main] INFO  o.s.b.w.e.tomcat.TomcatWebServer - Tomcat initialized with port(s): 9090 (http)
2023-04-23 00:05:05 [main] INFO  o.a.coyote.http11.Http11NioProtocol - Initializing ProtocolHandler ["http-nio-9090"]
2023-04-23 00:05:05 [main] INFO  o.a.catalina.core.StandardService - Starting service [Tomcat]
2023-04-23 00:05:05 [main] INFO  o.a.catalina.core.StandardEngine - Starting Servlet engine: [Apache Tomcat/9.0.65]
2023-04-23 00:05:06 [main] INFO  o.a.c.c.C.[Tomcat].[localhost].[/] - Initializing Spring embedded WebApplicationContext
2023-04-23 00:05:06 [main] INFO  o.s.b.w.s.c.ServletWebServerApplicationContext - Root WebApplicationContext: initialization completed in 670 ms
2023-04-23 00:05:06 [main] WARN  c.b.m.c.injector.DefaultSqlInjector - class com.liu.thailink.entities.RoleMenu ,Not found @TableId annotation, Cannot use Mybatis-Plus 'xxById' Method.
2023-04-23 00:05:06 [main] INFO  o.a.coyote.http11.Http11NioProtocol - Starting ProtocolHandler ["http-nio-9090"]
2023-04-23 00:05:06 [main] INFO  o.s.b.w.e.tomcat.TomcatWebServer - Tomcat started on port(s): 9090 (http) with context path ''
2023-04-23 00:05:06 [main] INFO  c.l.t.ThailinkManageApplication - Started ThailinkManageApplication in 1.552 seconds (JVM running for 1.974)
2023-04-23 00:05:12 [main] INFO  o.s.b.t.c.SpringBootTestContextBootstrapper - Neither @ContextConfiguration nor @ContextHierarchy found for test class [com.liu.thailink.ThailinkManageApplicationTests], using SpringBootContextLoader
2023-04-23 00:05:12 [main] INFO  o.s.t.c.s.AbstractContextLoader - Could not detect default resource locations for test class [com.liu.thailink.ThailinkManageApplicationTests]: no resource found for suffixes {-context.xml, Context.groovy}.
2023-04-23 00:05:12 [main] INFO  o.s.t.c.s.AnnotationConfigContextLoaderUtils - Could not detect default configuration classes for test class [com.liu.thailink.ThailinkManageApplicationTests]: ThailinkManageApplicationTests does not declare any static, non-private, non-final, nested classes annotated with @Configuration.
2023-04-23 00:05:12 [main] INFO  o.s.b.t.c.SpringBootTestContextBootstrapper - Found @SpringBootConfiguration com.liu.thailink.ThailinkManageApplication for test class com.liu.thailink.ThailinkManageApplicationTests
2023-04-23 00:05:12 [main] INFO  o.s.b.t.c.SpringBootTestContextBootstrapper - Loaded default TestExecutionListener class names from location [META-INF/spring.factories]: [org.springframework.boot.test.mock.mockito.MockitoTestExecutionListener, org.springframework.boot.test.mock.mockito.ResetMocksTestExecutionListener, org.springframework.boot.test.autoconfigure.restdocs.RestDocsTestExecutionListener, org.springframework.boot.test.autoconfigure.web.client.MockRestServiceServerResetTestExecutionListener, org.springframework.boot.test.autoconfigure.web.servlet.MockMvcPrintOnlyOnFailureTestExecutionListener, org.springframework.boot.test.autoconfigure.web.servlet.WebDriverTestExecutionListener, org.springframework.boot.test.autoconfigure.webservices.client.MockWebServiceServerTestExecutionListener, org.springframework.test.context.web.ServletTestExecutionListener, org.springframework.test.context.support.DirtiesContextBeforeModesTestExecutionListener, org.springframework.test.context.event.ApplicationEventsTestExecutionListener, org.springframework.test.context.support.DependencyInjectionTestExecutionListener, org.springframework.test.context.support.DirtiesContextTestExecutionListener, org.springframework.test.context.transaction.TransactionalTestExecutionListener, org.springframework.test.context.jdbc.SqlScriptsTestExecutionListener, org.springframework.test.context.event.EventPublishingTestExecutionListener]
2023-04-23 00:05:12 [main] INFO  o.s.b.t.c.SpringBootTestContextBootstrapper - Using TestExecutionListeners: [org.springframework.test.context.web.ServletTestExecutionListener@704f1591, org.springframework.test.context.support.DirtiesContextBeforeModesTestExecutionListener@58fb7731, org.springframework.test.context.event.ApplicationEventsTestExecutionListener@13e547a9, org.springframework.boot.test.mock.mockito.MockitoTestExecutionListener@3fb6cf60, org.springframework.boot.test.autoconfigure.SpringBootDependencyInjectionTestExecutionListener@37ddb69a, org.springframework.test.context.support.DirtiesContextTestExecutionListener@349c1daf, org.springframework.test.context.transaction.TransactionalTestExecutionListener@dfddc9a, org.springframework.test.context.jdbc.SqlScriptsTestExecutionListener@4b9df8a, org.springframework.test.context.event.EventPublishingTestExecutionListener@5e8ac0e1, org.springframework.boot.test.mock.mockito.ResetMocksTestExecutionListener@aafcffa, org.springframework.boot.test.autoconfigure.restdocs.RestDocsTestExecutionListener@6955cb39, org.springframework.boot.test.autoconfigure.web.client.MockRestServiceServerResetTestExecutionListener@235a0c16, org.springframework.boot.test.autoconfigure.web.servlet.MockMvcPrintOnlyOnFailureTestExecutionListener@2b5f4d54, org.springframework.boot.test.autoconfigure.web.servlet.WebDriverTestExecutionListener@5f7b97da, org.springframework.boot.test.autoconfigure.webservices.client.MockWebServiceServerTestExecutionListener@18b0930f]
2023-04-23 00:05:12 [main] INFO  c.l.t.ThailinkManageApplicationTests - Starting ThailinkManageApplicationTests using Java 18.0.2.1 on testqw1 with PID 15400 (started by liuti in C:\Users\liuti\IdeaProjects\thailinkManage)
2023-04-23 00:05:12 [main] INFO  c.l.t.ThailinkManageApplicationTests - No active profile set, falling back to 1 default profile: "default"
2023-04-23 00:05:13 [main] WARN  c.b.m.c.injector.DefaultSqlInjector - class com.liu.thailink.entities.RoleMenu ,Not found @TableId annotation, Cannot use Mybatis-Plus 'xxById' Method.
2023-04-23 00:05:14 [main] INFO  c.l.t.ThailinkManageApplicationTests - Started ThailinkManageApplicationTests in 2.036 seconds (JVM running for 2.649)
2023-04-23 00:09:36 [http-nio-9090-exec-1] INFO  o.a.coyote.http11.Http11Processor - Error parsing HTTP request header
 Note: further occurrences of HTTP request parsing errors will be logged at DEBUG level.
java.lang.IllegalArgumentException: Invalid character found in method name [0x160x030x010x020x000x010x000x010xfc0x030x030x9fA0xed0x950x81Z0xd2+0x940xd70xed|0x1f00xe3Q0xb4;0xf20xcb80x010xfeN0x040xf7R=E0xd5f0xe8 ]. HTTP method names must be tokens
	at org.apache.coyote.http11.Http11InputBuffer.parseRequestLine(Http11InputBuffer.java:419)
	at org.apache.coyote.http11.Http11Processor.service(Http11Processor.java:271)
	at org.apache.coyote.AbstractProcessorLight.process(AbstractProcessorLight.java:65)
	at org.apache.coyote.AbstractProtocol$ConnectionHandler.process(AbstractProtocol.java:890)
	at org.apache.tomcat.util.net.NioEndpoint$SocketProcessor.doRun(NioEndpoint.java:1789)
	at org.apache.tomcat.util.net.SocketProcessorBase.run(SocketProcessorBase.java:49)
	at org.apache.tomcat.util.threads.ThreadPoolExecutor.runWorker(ThreadPoolExecutor.java:1191)
	at org.apache.tomcat.util.threads.ThreadPoolExecutor$Worker.run(ThreadPoolExecutor.java:659)
	at org.apache.tomcat.util.threads.TaskThread$WrappingRunnable.run(TaskThread.java:61)
	at java.base/java.lang.Thread.run(Thread.java:833)
2023-04-23 00:10:00 [http-nio-9090-exec-3] INFO  o.a.c.c.C.[Tomcat].[localhost].[/] - Initializing Spring DispatcherServlet 'dispatcherServlet'
2023-04-23 00:10:00 [http-nio-9090-exec-3] INFO  o.s.web.servlet.DispatcherServlet - Initializing Servlet 'dispatcherServlet'
2023-04-23 00:10:00 [http-nio-9090-exec-3] INFO  o.s.web.servlet.DispatcherServlet - Completed initialization in 0 ms
2023-04-23 00:10:27 [http-nio-9090-exec-4] INFO  com.zaxxer.hikari.HikariDataSource - HikariPool-1 - Starting...
2023-04-23 00:10:27 [http-nio-9090-exec-4] INFO  com.zaxxer.hikari.HikariDataSource - HikariPool-1 - Start completed.
2023-04-23 00:11:16 [http-nio-9090-exec-9] INFO  c.l.t.c.interceptor.JwtInterceptor - =============================
2023-04-23 00:11:16 [http-nio-9090-exec-9] INFO  c.l.t.c.interceptor.JwtInterceptor - POST user/save
2023-04-23 00:11:16 [http-nio-9090-exec-9] INFO  c.l.t.c.interceptor.JwtInterceptor - Requester = 1
2023-04-23 00:11:16 [http-nio-9090-exec-9] INFO  c.l.t.c.interceptor.JwtInterceptor - =============================
2023-04-23 00:11:26 [http-nio-9090-exec-8] INFO  c.l.t.c.interceptor.JwtInterceptor - =============================
2023-04-23 00:11:26 [http-nio-9090-exec-8] INFO  c.l.t.c.interceptor.JwtInterceptor - POST visa/save
2023-04-23 00:11:26 [http-nio-9090-exec-8] INFO  c.l.t.c.interceptor.JwtInterceptor - Requester = 1
2023-04-23 00:11:26 [http-nio-9090-exec-8] INFO  c.l.t.c.interceptor.JwtInterceptor - =============================
2023-04-23 00:11:27 [http-nio-9090-exec-6] INFO  c.l.t.c.interceptor.JwtInterceptor - =============================
2023-04-23 00:11:27 [http-nio-9090-exec-6] INFO  c.l.t.c.interceptor.JwtInterceptor - POST visa/save
2023-04-23 00:11:27 [http-nio-9090-exec-6] INFO  c.l.t.c.interceptor.JwtInterceptor - Requester = 1
2023-04-23 00:11:27 [http-nio-9090-exec-6] INFO  c.l.t.c.interceptor.JwtInterceptor - =============================
2023-04-23 00:11:42 [http-nio-9090-exec-3] INFO  c.l.t.c.interceptor.JwtInterceptor - =============================
2023-04-23 00:11:42 [http-nio-9090-exec-3] INFO  c.l.t.c.interceptor.JwtInterceptor - POST visa/save
2023-04-23 00:11:42 [http-nio-9090-exec-3] INFO  c.l.t.c.interceptor.JwtInterceptor - Requester = 1
2023-04-23 00:11:42 [http-nio-9090-exec-3] INFO  c.l.t.c.interceptor.JwtInterceptor - =============================
2023-04-23 00:12:43 [SpringApplicationShutdownHook] INFO  com.zaxxer.hikari.HikariDataSource - HikariPool-1 - Shutdown initiated...
2023-04-23 00:12:43 [SpringApplicationShutdownHook] INFO  com.zaxxer.hikari.HikariDataSource - HikariPool-1 - Shutdown completed.
2023-04-23 00:12:46 [main] INFO  c.l.t.ThailinkManageApplication - Starting ThailinkManageApplication using Java 18.0.2.1 on testqw1 with PID 11228 (C:\Users\liuti\IdeaProjects\thailinkManage\target\classes started by liuti in C:\Users\liuti\IdeaProjects\thailinkManage)
2023-04-23 00:12:46 [main] INFO  c.l.t.ThailinkManageApplication - No active profile set, falling back to 1 default profile: "default"
2023-04-23 00:12:47 [main] INFO  o.s.b.w.e.tomcat.TomcatWebServer - Tomcat initialized with port(s): 9090 (http)
2023-04-23 00:12:47 [main] INFO  o.a.coyote.http11.Http11NioProtocol - Initializing ProtocolHandler ["http-nio-9090"]
2023-04-23 00:12:47 [main] INFO  o.a.catalina.core.StandardService - Starting service [Tomcat]
2023-04-23 00:12:47 [main] INFO  o.a.catalina.core.StandardEngine - Starting Servlet engine: [Apache Tomcat/9.0.65]
2023-04-23 00:12:47 [main] INFO  o.a.c.c.C.[Tomcat].[localhost].[/] - Initializing Spring embedded WebApplicationContext
2023-04-23 00:12:47 [main] INFO  o.s.b.w.s.c.ServletWebServerApplicationContext - Root WebApplicationContext: initialization completed in 669 ms
2023-04-23 00:12:47 [main] WARN  c.b.m.c.injector.DefaultSqlInjector - class com.liu.thailink.entities.RoleMenu ,Not found @TableId annotation, Cannot use Mybatis-Plus 'xxById' Method.
2023-04-23 00:12:47 [main] INFO  o.a.coyote.http11.Http11NioProtocol - Starting ProtocolHandler ["http-nio-9090"]
2023-04-23 00:12:47 [main] INFO  o.s.b.w.e.tomcat.TomcatWebServer - Tomcat started on port(s): 9090 (http) with context path ''
2023-04-23 00:12:47 [main] INFO  c.l.t.ThailinkManageApplication - Started ThailinkManageApplication in 1.571 seconds (JVM running for 1.99)
2023-04-23 00:13:55 [main] INFO  c.l.t.ThailinkManageApplication - Starting ThailinkManageApplication using Java 18.0.2.1 on testqw1 with PID 18116 (C:\Users\liuti\IdeaProjects\thailinkManage\target\classes started by liuti in C:\Users\liuti\IdeaProjects\thailinkManage)
2023-04-23 00:13:55 [main] INFO  c.l.t.ThailinkManageApplication - No active profile set, falling back to 1 default profile: "default"
2023-04-23 00:13:56 [main] INFO  o.s.b.w.e.tomcat.TomcatWebServer - Tomcat initialized with port(s): 9090 (http)
2023-04-23 00:13:56 [main] INFO  o.a.coyote.http11.Http11NioProtocol - Initializing ProtocolHandler ["http-nio-9090"]
2023-04-23 00:13:56 [main] INFO  o.a.catalina.core.StandardService - Starting service [Tomcat]
2023-04-23 00:13:56 [main] INFO  o.a.catalina.core.StandardEngine - Starting Servlet engine: [Apache Tomcat/9.0.65]
2023-04-23 00:13:56 [main] INFO  o.a.c.c.C.[Tomcat].[localhost].[/] - Initializing Spring embedded WebApplicationContext
2023-04-23 00:13:56 [main] INFO  o.s.b.w.s.c.ServletWebServerApplicationContext - Root WebApplicationContext: initialization completed in 780 ms
2023-04-23 00:13:56 [main] WARN  c.b.m.c.injector.DefaultSqlInjector - class com.liu.thailink.entities.RoleMenu ,Not found @TableId annotation, Cannot use Mybatis-Plus 'xxById' Method.
2023-04-23 00:13:57 [main] INFO  o.a.coyote.http11.Http11NioProtocol - Starting ProtocolHandler ["http-nio-9090"]
2023-04-23 00:13:57 [main] INFO  o.s.b.w.e.tomcat.TomcatWebServer - Tomcat started on port(s): 9090 (http) with context path ''
2023-04-23 00:13:57 [main] INFO  c.l.t.ThailinkManageApplication - Started ThailinkManageApplication in 1.79 seconds (JVM running for 2.424)
2023-04-23 00:14:14 [main] INFO  c.l.t.ThailinkManageApplication - Starting ThailinkManageApplication using Java 18.0.2.1 on testqw1 with PID 19424 (C:\Users\liuti\IdeaProjects\thailinkManage\target\classes started by liuti in C:\Users\liuti\IdeaProjects\thailinkManage)
2023-04-23 00:14:14 [main] INFO  c.l.t.ThailinkManageApplication - No active profile set, falling back to 1 default profile: "default"
2023-04-23 00:14:14 [main] INFO  o.s.b.w.e.tomcat.TomcatWebServer - Tomcat initialized with port(s): 9090 (http)
2023-04-23 00:14:15 [main] INFO  o.a.coyote.http11.Http11NioProtocol - Initializing ProtocolHandler ["http-nio-9090"]
2023-04-23 00:14:15 [main] INFO  o.a.catalina.core.StandardService - Starting service [Tomcat]
2023-04-23 00:14:15 [main] INFO  o.a.catalina.core.StandardEngine - Starting Servlet engine: [Apache Tomcat/9.0.65]
2023-04-23 00:14:15 [main] INFO  o.a.c.c.C.[Tomcat].[localhost].[/] - Initializing Spring embedded WebApplicationContext
2023-04-23 00:14:15 [main] INFO  o.s.b.w.s.c.ServletWebServerApplicationContext - Root WebApplicationContext: initialization completed in 785 ms
2023-04-23 00:14:15 [main] WARN  c.b.m.c.injector.DefaultSqlInjector - class com.liu.thailink.entities.RoleMenu ,Not found @TableId annotation, Cannot use Mybatis-Plus 'xxById' Method.
2023-04-23 00:14:15 [main] INFO  o.s.b.w.e.tomcat.TomcatWebServer - Tomcat started on port(s): 9090 (http) with context path ''
2023-04-23 00:14:15 [main] INFO  c.l.t.ThailinkManageApplication - Started ThailinkManageApplication in 1.845 seconds (JVM running for 2.484)
2023-04-23 00:14:17 [main] INFO  c.l.t.ThailinkManageApplication - Starting ThailinkManageApplication using Java 18.0.2.1 on testqw1 with PID 19696 (C:\Users\liuti\IdeaProjects\thailinkManage\target\classes started by liuti in C:\Users\liuti\IdeaProjects\thailinkManage)
2023-04-23 00:14:17 [main] INFO  c.l.t.ThailinkManageApplication - No active profile set, falling back to 1 default profile: "default"
2023-04-23 00:14:19 [main] INFO  c.l.t.ThailinkManageApplication - Starting ThailinkManageApplication using Java 18.0.2.1 on testqw1 with PID 8900 (C:\Users\liuti\IdeaProjects\thailinkManage\target\classes started by liuti in C:\Users\liuti\IdeaProjects\thailinkManage)
2023-04-23 00:14:19 [main] INFO  c.l.t.ThailinkManageApplication - No active profile set, falling back to 1 default profile: "default"
2023-04-23 00:14:19 [main] INFO  o.s.b.w.e.tomcat.TomcatWebServer - Tomcat initialized with port(s): 9090 (http)
2023-04-23 00:14:19 [main] INFO  o.a.coyote.http11.Http11NioProtocol - Initializing ProtocolHandler ["http-nio-9090"]
2023-04-23 00:14:19 [main] INFO  o.a.catalina.core.StandardService - Starting service [Tomcat]
2023-04-23 00:14:19 [main] INFO  o.a.catalina.core.StandardEngine - Starting Servlet engine: [Apache Tomcat/9.0.65]
2023-04-23 00:14:19 [main] INFO  o.a.c.c.C.[Tomcat].[localhost].[/] - Initializing Spring embedded WebApplicationContext
2023-04-23 00:14:19 [main] INFO  o.s.b.w.s.c.ServletWebServerApplicationContext - Root WebApplicationContext: initialization completed in 1273 ms
2023-04-23 00:14:19 [main] WARN  c.b.m.c.injector.DefaultSqlInjector - class com.liu.thailink.entities.RoleMenu ,Not found @TableId annotation, Cannot use Mybatis-Plus 'xxById' Method.
2023-04-23 00:14:19 [main] INFO  o.s.b.w.e.tomcat.TomcatWebServer - Tomcat initialized with port(s): 9090 (http)
2023-04-23 00:14:19 [main] INFO  o.a.coyote.http11.Http11NioProtocol - Initializing ProtocolHandler ["http-nio-9090"]
2023-04-23 00:14:19 [main] INFO  o.a.catalina.core.StandardService - Starting service [Tomcat]
2023-04-23 00:14:19 [main] INFO  o.a.catalina.core.StandardEngine - Starting Servlet engine: [Apache Tomcat/9.0.65]
2023-04-23 00:14:19 [main] INFO  o.a.c.c.C.[Tomcat].[localhost].[/] - Initializing Spring embedded WebApplicationContext
2023-04-23 00:14:19 [main] INFO  o.s.b.w.s.c.ServletWebServerApplicationContext - Root WebApplicationContext: initialization completed in 799 ms
2023-04-23 00:14:20 [main] INFO  o.a.coyote.http11.Http11NioProtocol - Starting ProtocolHandler ["http-nio-9090"]
2023-04-23 00:14:20 [main] WARN  c.b.m.c.injector.DefaultSqlInjector - class com.liu.thailink.entities.RoleMenu ,Not found @TableId annotation, Cannot use Mybatis-Plus 'xxById' Method.
2023-04-23 00:14:20 [main] INFO  o.s.b.w.e.tomcat.TomcatWebServer - Tomcat started on port(s): 9090 (http) with context path ''
2023-04-23 00:14:20 [main] INFO  c.l.t.ThailinkManageApplication - Started ThailinkManageApplication in 2.73 seconds (JVM running for 3.496)
2023-04-23 00:14:20 [main] INFO  o.a.coyote.http11.Http11NioProtocol - Starting ProtocolHandler ["http-nio-9090"]
2023-04-23 00:14:20 [main] WARN  o.s.b.w.s.c.AnnotationConfigServletWebServerApplicationContext - Exception encountered during context initialization - cancelling refresh attempt: org.springframework.context.ApplicationContextException: Failed to start bean 'webServerStartStop'; nested exception is org.springframework.boot.web.server.PortInUseException: Port 9090 is already in use
2023-04-23 00:14:20 [main] INFO  o.a.coyote.http11.Http11NioProtocol - Pausing ProtocolHandler ["http-nio-9090"]
2023-04-23 00:14:20 [main] INFO  o.a.catalina.core.StandardService - Stopping service [Tomcat]
2023-04-23 00:14:20 [main] INFO  o.a.coyote.http11.Http11NioProtocol - Stopping ProtocolHandler ["http-nio-9090"]
2023-04-23 00:14:20 [main] INFO  o.a.coyote.http11.Http11NioProtocol - Destroying ProtocolHandler ["http-nio-9090"]
2023-04-23 00:14:20 [main] INFO  o.s.b.a.l.ConditionEvaluationReportLoggingListener - 

Error starting ApplicationContext. To display the conditions report re-run your application with 'debug' enabled.
2023-04-23 00:14:20 [main] ERROR o.s.b.d.LoggingFailureAnalysisReporter - 

***************************
APPLICATION FAILED TO START
***************************

Description:

Web server failed to start. Port 9090 was already in use.

Action:

Identify and stop the process that's listening on port 9090 or configure this application to listen on another port.

2023-04-23 00:14:36 [main] INFO  c.l.t.ThailinkManageApplication - Starting ThailinkManageApplication using Java 18.0.2.1 on testqw1 with PID 19428 (C:\Users\liuti\IdeaProjects\thailinkManage\target\classes started by liuti in C:\Users\liuti\IdeaProjects\thailinkManage)
2023-04-23 00:14:36 [main] INFO  c.l.t.ThailinkManageApplication - No active profile set, falling back to 1 default profile: "default"
2023-04-23 00:14:36 [main] INFO  o.s.b.w.e.tomcat.TomcatWebServer - Tomcat initialized with port(s): 9090 (http)
2023-04-23 00:14:36 [main] INFO  o.a.coyote.http11.Http11NioProtocol - Initializing ProtocolHandler ["http-nio-9090"]
2023-04-23 00:14:36 [main] INFO  o.a.catalina.core.StandardService - Starting service [Tomcat]
2023-04-23 00:14:36 [main] INFO  o.a.catalina.core.StandardEngine - Starting Servlet engine: [Apache Tomcat/9.0.65]
2023-04-23 00:14:36 [main] INFO  o.a.c.c.C.[Tomcat].[localhost].[/] - Initializing Spring embedded WebApplicationContext
2023-04-23 00:14:36 [main] INFO  o.s.b.w.s.c.ServletWebServerApplicationContext - Root WebApplicationContext: initialization completed in 742 ms
2023-04-23 00:14:37 [main] WARN  c.b.m.c.injector.DefaultSqlInjector - class com.liu.thailink.entities.RoleMenu ,Not found @TableId annotation, Cannot use Mybatis-Plus 'xxById' Method.
2023-04-23 00:14:37 [main] INFO  o.a.coyote.http11.Http11NioProtocol - Starting ProtocolHandler ["http-nio-9090"]
2023-04-23 00:14:37 [main] INFO  o.s.b.w.e.tomcat.TomcatWebServer - Tomcat started on port(s): 9090 (http) with context path ''
2023-04-23 00:14:37 [main] INFO  c.l.t.ThailinkManageApplication - Started ThailinkManageApplication in 1.758 seconds (JVM running for 2.257)
2023-04-23 00:14:59 [http-nio-9090-exec-1] INFO  o.a.c.c.C.[Tomcat].[localhost].[/] - Initializing Spring DispatcherServlet 'dispatcherServlet'
2023-04-23 00:14:59 [http-nio-9090-exec-1] INFO  o.s.web.servlet.DispatcherServlet - Initializing Servlet 'dispatcherServlet'
2023-04-23 00:14:59 [http-nio-9090-exec-1] INFO  o.s.web.servlet.DispatcherServlet - Completed initialization in 0 ms
2023-04-23 00:15:09 [http-nio-9090-exec-1] INFO  com.zaxxer.hikari.HikariDataSource - HikariPool-1 - Starting...
2023-04-23 00:15:09 [http-nio-9090-exec-1] INFO  com.zaxxer.hikari.HikariDataSource - HikariPool-1 - Start completed.
2023-04-23 00:15:09 [SpringApplicationShutdownHook] INFO  com.zaxxer.hikari.HikariDataSource - HikariPool-1 - Shutdown initiated...
2023-04-23 00:15:09 [SpringApplicationShutdownHook] INFO  com.zaxxer.hikari.HikariDataSource - HikariPool-1 - Shutdown completed.
2023-04-23 00:15:11 [main] INFO  c.l.t.ThailinkManageApplication - Starting ThailinkManageApplication using Java 18.0.2.1 on testqw1 with PID 16824 (C:\Users\liuti\IdeaProjects\thailinkManage\target\classes started by liuti in C:\Users\liuti\IdeaProjects\thailinkManage)
2023-04-23 00:15:11 [main] INFO  c.l.t.ThailinkManageApplication - No active profile set, falling back to 1 default profile: "default"
2023-04-23 00:15:12 [main] INFO  o.s.b.w.e.tomcat.TomcatWebServer - Tomcat initialized with port(s): 9090 (http)
2023-04-23 00:15:12 [main] INFO  o.a.coyote.http11.Http11NioProtocol - Initializing ProtocolHandler ["http-nio-9090"]
2023-04-23 00:15:12 [main] INFO  o.a.catalina.core.StandardService - Starting service [Tomcat]
2023-04-23 00:15:12 [main] INFO  o.a.catalina.core.StandardEngine - Starting Servlet engine: [Apache Tomcat/9.0.65]
2023-04-23 00:15:12 [main] INFO  o.a.c.c.C.[Tomcat].[localhost].[/] - Initializing Spring embedded WebApplicationContext
2023-04-23 00:15:12 [main] INFO  o.s.b.w.s.c.ServletWebServerApplicationContext - Root WebApplicationContext: initialization completed in 662 ms
2023-04-23 00:15:12 [main] WARN  c.b.m.c.injector.DefaultSqlInjector - class com.liu.thailink.entities.RoleMenu ,Not found @TableId annotation, Cannot use Mybatis-Plus 'xxById' Method.
2023-04-23 00:15:13 [main] INFO  o.a.coyote.http11.Http11NioProtocol - Starting ProtocolHandler ["http-nio-9090"]
2023-04-23 00:15:13 [main] INFO  o.s.b.w.e.tomcat.TomcatWebServer - Tomcat started on port(s): 9090 (http) with context path ''
2023-04-23 00:15:13 [main] INFO  c.l.t.ThailinkManageApplication - Started ThailinkManageApplication in 1.553 seconds (JVM running for 2.188)
2023-04-23 00:15:13 [http-nio-9090-exec-1] INFO  o.a.c.c.C.[Tomcat].[localhost].[/] - Initializing Spring DispatcherServlet 'dispatcherServlet'
2023-04-23 00:15:13 [http-nio-9090-exec-1] INFO  o.s.web.servlet.DispatcherServlet - Initializing Servlet 'dispatcherServlet'
2023-04-23 00:15:13 [http-nio-9090-exec-1] INFO  o.s.web.servlet.DispatcherServlet - Completed initialization in 0 ms
2023-04-23 00:15:13 [http-nio-9090-exec-1] INFO  com.zaxxer.hikari.HikariDataSource - HikariPool-1 - Starting...
2023-04-23 00:15:13 [http-nio-9090-exec-1] INFO  com.zaxxer.hikari.HikariDataSource - HikariPool-1 - Start completed.
2023-04-23 00:15:23 [SpringApplicationShutdownHook] INFO  com.zaxxer.hikari.HikariDataSource - HikariPool-1 - Shutdown initiated...
2023-04-23 00:15:23 [SpringApplicationShutdownHook] INFO  com.zaxxer.hikari.HikariDataSource - HikariPool-1 - Shutdown completed.
2023-04-23 00:15:26 [main] INFO  c.l.t.ThailinkManageApplication - Starting ThailinkManageApplication using Java 18.0.2.1 on testqw1 with PID 17360 (C:\Users\liuti\IdeaProjects\thailinkManage\target\classes started by liuti in C:\Users\liuti\IdeaProjects\thailinkManage)
2023-04-23 00:15:26 [main] INFO  c.l.t.ThailinkManageApplication - No active profile set, falling back to 1 default profile: "default"
2023-04-23 00:15:26 [main] INFO  o.s.b.w.e.tomcat.TomcatWebServer - Tomcat initialized with port(s): 9090 (http)
2023-04-23 00:15:26 [main] INFO  o.a.coyote.http11.Http11NioProtocol - Initializing ProtocolHandler ["http-nio-9090"]
2023-04-23 00:15:26 [main] INFO  o.a.catalina.core.StandardService - Starting service [Tomcat]
2023-04-23 00:15:26 [main] INFO  o.a.catalina.core.StandardEngine - Starting Servlet engine: [Apache Tomcat/9.0.65]
2023-04-23 00:15:26 [main] INFO  o.a.c.c.C.[Tomcat].[localhost].[/] - Initializing Spring embedded WebApplicationContext
2023-04-23 00:15:26 [main] INFO  o.s.b.w.s.c.ServletWebServerApplicationContext - Root WebApplicationContext: initialization completed in 765 ms
2023-04-23 00:15:27 [main] WARN  c.b.m.c.injector.DefaultSqlInjector - class com.liu.thailink.entities.RoleMenu ,Not found @TableId annotation, Cannot use Mybatis-Plus 'xxById' Method.
2023-04-23 00:15:27 [main] INFO  o.a.coyote.http11.Http11NioProtocol - Starting ProtocolHandler ["http-nio-9090"]
2023-04-23 00:15:27 [main] INFO  o.s.b.w.e.tomcat.TomcatWebServer - Tomcat started on port(s): 9090 (http) with context path ''
2023-04-23 00:15:27 [main] INFO  c.l.t.ThailinkManageApplication - Started ThailinkManageApplication in 1.776 seconds (JVM running for 2.576)
2023-04-23 00:15:30 [http-nio-9090-exec-1] INFO  o.a.c.c.C.[Tomcat].[localhost].[/] - Initializing Spring DispatcherServlet 'dispatcherServlet'
2023-04-23 00:15:30 [http-nio-9090-exec-1] INFO  o.s.web.servlet.DispatcherServlet - Initializing Servlet 'dispatcherServlet'
2023-04-23 00:15:30 [http-nio-9090-exec-1] INFO  o.s.web.servlet.DispatcherServlet - Completed initialization in 1 ms
2023-04-23 00:15:32 [http-nio-9090-exec-1] INFO  com.zaxxer.hikari.HikariDataSource - HikariPool-1 - Starting...
2023-04-23 00:15:32 [http-nio-9090-exec-1] INFO  com.zaxxer.hikari.HikariDataSource - HikariPool-1 - Start completed.
2023-04-23 00:16:24 [HikariPool-1 housekeeper] WARN  com.zaxxer.hikari.pool.HikariPool - HikariPool-1 - Thread starvation or clock leap detected (housekeeper delta=51s467ms558µs900ns).
2023-04-23 00:16:24 [SpringApplicationShutdownHook] INFO  com.zaxxer.hikari.HikariDataSource - HikariPool-1 - Shutdown initiated...
2023-04-23 00:16:24 [SpringApplicationShutdownHook] INFO  com.zaxxer.hikari.HikariDataSource - HikariPool-1 - Shutdown completed.
2023-04-23 00:16:27 [main] INFO  c.l.t.ThailinkManageApplication - Starting ThailinkManageApplication using Java 18.0.2.1 on testqw1 with PID 13488 (C:\Users\liuti\IdeaProjects\thailinkManage\target\classes started by liuti in C:\Users\liuti\IdeaProjects\thailinkManage)
2023-04-23 00:16:27 [main] INFO  c.l.t.ThailinkManageApplication - No active profile set, falling back to 1 default profile: "default"
2023-04-23 00:16:27 [main] INFO  o.s.b.w.e.tomcat.TomcatWebServer - Tomcat initialized with port(s): 9090 (http)
2023-04-23 00:16:27 [main] INFO  o.a.coyote.http11.Http11NioProtocol - Initializing ProtocolHandler ["http-nio-9090"]
2023-04-23 00:16:27 [main] INFO  o.a.catalina.core.StandardService - Starting service [Tomcat]
2023-04-23 00:16:27 [main] INFO  o.a.catalina.core.StandardEngine - Starting Servlet engine: [Apache Tomcat/9.0.65]
2023-04-23 00:16:27 [main] INFO  o.a.c.c.C.[Tomcat].[localhost].[/] - Initializing Spring embedded WebApplicationContext
2023-04-23 00:16:27 [main] INFO  o.s.b.w.s.c.ServletWebServerApplicationContext - Root WebApplicationContext: initialization completed in 742 ms
2023-04-23 00:16:28 [main] WARN  c.b.m.c.injector.DefaultSqlInjector - class com.liu.thailink.entities.RoleMenu ,Not found @TableId annotation, Cannot use Mybatis-Plus 'xxById' Method.
2023-04-23 00:16:28 [main] INFO  o.a.coyote.http11.Http11NioProtocol - Starting ProtocolHandler ["http-nio-9090"]
2023-04-23 00:16:28 [main] INFO  o.s.b.w.e.tomcat.TomcatWebServer - Tomcat started on port(s): 9090 (http) with context path ''
2023-04-23 00:16:28 [main] INFO  c.l.t.ThailinkManageApplication - Started ThailinkManageApplication in 1.803 seconds (JVM running for 2.477)
2023-04-23 00:16:30 [http-nio-9090-exec-1] INFO  o.a.c.c.C.[Tomcat].[localhost].[/] - Initializing Spring DispatcherServlet 'dispatcherServlet'
2023-04-23 00:16:30 [http-nio-9090-exec-1] INFO  o.s.web.servlet.DispatcherServlet - Initializing Servlet 'dispatcherServlet'
2023-04-23 00:16:30 [http-nio-9090-exec-1] INFO  o.s.web.servlet.DispatcherServlet - Completed initialization in 1 ms
2023-04-23 00:16:30 [http-nio-9090-exec-1] INFO  com.zaxxer.hikari.HikariDataSource - HikariPool-1 - Starting...
2023-04-23 00:16:30 [http-nio-9090-exec-1] INFO  com.zaxxer.hikari.HikariDataSource - HikariPool-1 - Start completed.
2023-04-23 00:17:42 [http-nio-9090-exec-7] INFO  c.l.t.c.interceptor.JwtInterceptor - =============================
2023-04-23 00:17:42 [http-nio-9090-exec-7] INFO  c.l.t.c.interceptor.JwtInterceptor - POST study/save
2023-04-23 00:17:42 [http-nio-9090-exec-7] INFO  c.l.t.c.interceptor.JwtInterceptor - Requester = 1
2023-04-23 00:17:42 [http-nio-9090-exec-7] INFO  c.l.t.c.interceptor.JwtInterceptor - =============================
2023-04-23 00:28:22 [SpringApplicationShutdownHook] INFO  com.zaxxer.hikari.HikariDataSource - HikariPool-1 - Shutdown initiated...
2023-04-23 00:28:22 [SpringApplicationShutdownHook] INFO  com.zaxxer.hikari.HikariDataSource - HikariPool-1 - Shutdown completed.
2023-04-23 00:28:24 [main] INFO  c.l.t.ThailinkManageApplication - Starting ThailinkManageApplication using Java 18.0.2.1 on testqw1 with PID 18292 (C:\Users\liuti\IdeaProjects\thailinkManage\target\classes started by liuti in C:\Users\liuti\IdeaProjects\thailinkManage)
2023-04-23 00:28:24 [main] INFO  c.l.t.ThailinkManageApplication - No active profile set, falling back to 1 default profile: "default"
2023-04-23 00:28:25 [main] INFO  o.s.b.w.e.tomcat.TomcatWebServer - Tomcat initialized with port(s): 9090 (http)
2023-04-23 00:28:25 [main] INFO  o.a.coyote.http11.Http11NioProtocol - Initializing ProtocolHandler ["http-nio-9090"]
2023-04-23 00:28:25 [main] INFO  o.a.catalina.core.StandardService - Starting service [Tomcat]
2023-04-23 00:28:25 [main] INFO  o.a.catalina.core.StandardEngine - Starting Servlet engine: [Apache Tomcat/9.0.65]
2023-04-23 00:28:25 [main] INFO  o.a.c.c.C.[Tomcat].[localhost].[/] - Initializing Spring embedded WebApplicationContext
2023-04-23 00:28:25 [main] INFO  o.s.b.w.s.c.ServletWebServerApplicationContext - Root WebApplicationContext: initialization completed in 858 ms
2023-04-23 00:28:25 [main] WARN  c.b.m.c.injector.DefaultSqlInjector - class com.liu.thailink.entities.RoleMenu ,Not found @TableId annotation, Cannot use Mybatis-Plus 'xxById' Method.
2023-04-23 00:28:26 [main] INFO  o.a.coyote.http11.Http11NioProtocol - Starting ProtocolHandler ["http-nio-9090"]
2023-04-23 00:28:26 [main] INFO  o.s.b.w.e.tomcat.TomcatWebServer - Tomcat started on port(s): 9090 (http) with context path ''
2023-04-23 00:28:26 [main] INFO  c.l.t.ThailinkManageApplication - Started ThailinkManageApplication in 1.922 seconds (JVM running for 2.776)
2023-04-23 00:28:30 [http-nio-9090-exec-1] INFO  o.a.c.c.C.[Tomcat].[localhost].[/] - Initializing Spring DispatcherServlet 'dispatcherServlet'
2023-04-23 00:28:30 [http-nio-9090-exec-1] INFO  o.s.web.servlet.DispatcherServlet - Initializing Servlet 'dispatcherServlet'
2023-04-23 00:28:30 [http-nio-9090-exec-1] INFO  o.s.web.servlet.DispatcherServlet - Completed initialization in 0 ms
2023-04-23 00:28:39 [http-nio-9090-exec-1] INFO  com.zaxxer.hikari.HikariDataSource - HikariPool-1 - Starting...
2023-04-23 00:28:39 [http-nio-9090-exec-1] INFO  com.zaxxer.hikari.HikariDataSource - HikariPool-1 - Start completed.
2023-04-23 00:29:00 [SpringApplicationShutdownHook] INFO  com.zaxxer.hikari.HikariDataSource - HikariPool-1 - Shutdown initiated...
2023-04-23 00:29:00 [SpringApplicationShutdownHook] INFO  com.zaxxer.hikari.HikariDataSource - HikariPool-1 - Shutdown completed.
2023-04-23 00:29:02 [main] INFO  c.l.t.ThailinkManageApplication - Starting ThailinkManageApplication using Java 18.0.2.1 on testqw1 with PID 19960 (C:\Users\liuti\IdeaProjects\thailinkManage\target\classes started by liuti in C:\Users\liuti\IdeaProjects\thailinkManage)
2023-04-23 00:29:02 [main] INFO  c.l.t.ThailinkManageApplication - No active profile set, falling back to 1 default profile: "default"
2023-04-23 00:29:02 [main] INFO  o.s.b.w.e.tomcat.TomcatWebServer - Tomcat initialized with port(s): 9090 (http)
2023-04-23 00:29:02 [main] INFO  o.a.coyote.http11.Http11NioProtocol - Initializing ProtocolHandler ["http-nio-9090"]
2023-04-23 00:29:02 [main] INFO  o.a.catalina.core.StandardService - Starting service [Tomcat]
2023-04-23 00:29:02 [main] INFO  o.a.catalina.core.StandardEngine - Starting Servlet engine: [Apache Tomcat/9.0.65]
2023-04-23 00:29:02 [main] INFO  o.a.c.c.C.[Tomcat].[localhost].[/] - Initializing Spring embedded WebApplicationContext
2023-04-23 00:29:02 [main] INFO  o.s.b.w.s.c.ServletWebServerApplicationContext - Root WebApplicationContext: initialization completed in 692 ms
2023-04-23 00:29:03 [main] WARN  c.b.m.c.injector.DefaultSqlInjector - class com.liu.thailink.entities.RoleMenu ,Not found @TableId annotation, Cannot use Mybatis-Plus 'xxById' Method.
2023-04-23 00:29:03 [main] INFO  o.a.coyote.http11.Http11NioProtocol - Starting ProtocolHandler ["http-nio-9090"]
2023-04-23 00:29:03 [main] INFO  o.s.b.w.e.tomcat.TomcatWebServer - Tomcat started on port(s): 9090 (http) with context path ''
2023-04-23 00:29:03 [main] INFO  c.l.t.ThailinkManageApplication - Started ThailinkManageApplication in 1.636 seconds (JVM running for 2.076)
2023-04-23 00:29:18 [http-nio-9090-exec-1] INFO  o.a.c.c.C.[Tomcat].[localhost].[/] - Initializing Spring DispatcherServlet 'dispatcherServlet'
2023-04-23 00:29:18 [http-nio-9090-exec-1] INFO  o.s.web.servlet.DispatcherServlet - Initializing Servlet 'dispatcherServlet'
2023-04-23 00:29:18 [http-nio-9090-exec-1] INFO  o.s.web.servlet.DispatcherServlet - Completed initialization in 1 ms
2023-04-23 00:29:18 [http-nio-9090-exec-1] INFO  com.zaxxer.hikari.HikariDataSource - HikariPool-1 - Starting...
2023-04-23 00:29:18 [http-nio-9090-exec-1] INFO  com.zaxxer.hikari.HikariDataSource - HikariPool-1 - Start completed.
2023-04-23 00:29:18 [http-nio-9090-exec-1] INFO  c.l.t.c.interceptor.JwtInterceptor - =============================
2023-04-23 00:29:18 [http-nio-9090-exec-1] INFO  c.l.t.c.interceptor.JwtInterceptor - POST visa/statusUpdate
2023-04-23 00:29:18 [http-nio-9090-exec-1] INFO  c.l.t.c.interceptor.JwtInterceptor - Request Parameter = 29
2023-04-23 00:29:18 [http-nio-9090-exec-1] INFO  c.l.t.c.interceptor.JwtInterceptor - Requester = 1
2023-04-23 00:29:18 [http-nio-9090-exec-1] INFO  c.l.t.c.interceptor.JwtInterceptor - =============================
2023-04-23 00:29:20 [http-nio-9090-exec-5] INFO  c.l.t.c.interceptor.JwtInterceptor - =============================
2023-04-23 00:29:20 [http-nio-9090-exec-5] INFO  c.l.t.c.interceptor.JwtInterceptor - POST visa/statusUpdate
2023-04-23 00:29:20 [http-nio-9090-exec-5] INFO  c.l.t.c.interceptor.JwtInterceptor - Request Parameter = 32
2023-04-23 00:29:20 [http-nio-9090-exec-5] INFO  c.l.t.c.interceptor.JwtInterceptor - Requester = 1
2023-04-23 00:29:20 [http-nio-9090-exec-5] INFO  c.l.t.c.interceptor.JwtInterceptor - =============================
2023-04-23 00:32:02 [SpringApplicationShutdownHook] INFO  com.zaxxer.hikari.HikariDataSource - HikariPool-1 - Shutdown initiated...
2023-04-23 00:32:02 [SpringApplicationShutdownHook] INFO  com.zaxxer.hikari.HikariDataSource - HikariPool-1 - Shutdown completed.
2023-04-23 00:32:04 [main] INFO  c.l.t.ThailinkManageApplication - Starting ThailinkManageApplication using Java 18.0.2.1 on testqw1 with PID 5500 (C:\Users\liuti\IdeaProjects\thailinkManage\target\classes started by liuti in C:\Users\liuti\IdeaProjects\thailinkManage)
2023-04-23 00:32:04 [main] INFO  c.l.t.ThailinkManageApplication - No active profile set, falling back to 1 default profile: "default"
2023-04-23 00:32:05 [main] INFO  o.s.b.w.e.tomcat.TomcatWebServer - Tomcat initialized with port(s): 9090 (http)
2023-04-23 00:32:05 [main] INFO  o.a.coyote.http11.Http11NioProtocol - Initializing ProtocolHandler ["http-nio-9090"]
2023-04-23 00:32:05 [main] INFO  o.a.catalina.core.StandardService - Starting service [Tomcat]
2023-04-23 00:32:05 [main] INFO  o.a.catalina.core.StandardEngine - Starting Servlet engine: [Apache Tomcat/9.0.65]
2023-04-23 00:32:05 [main] INFO  o.a.c.c.C.[Tomcat].[localhost].[/] - Initializing Spring embedded WebApplicationContext
2023-04-23 00:32:05 [main] INFO  o.s.b.w.s.c.ServletWebServerApplicationContext - Root WebApplicationContext: initialization completed in 723 ms
2023-04-23 00:32:05 [main] WARN  c.b.m.c.injector.DefaultSqlInjector - class com.liu.thailink.entities.RoleMenu ,Not found @TableId annotation, Cannot use Mybatis-Plus 'xxById' Method.
2023-04-23 00:32:06 [main] INFO  o.a.coyote.http11.Http11NioProtocol - Starting ProtocolHandler ["http-nio-9090"]
2023-04-23 00:32:06 [main] INFO  o.s.b.w.e.tomcat.TomcatWebServer - Tomcat started on port(s): 9090 (http) with context path ''
2023-04-23 00:32:06 [main] INFO  c.l.t.ThailinkManageApplication - Started ThailinkManageApplication in 1.698 seconds (JVM running for 2.165)
2023-04-23 00:32:09 [http-nio-9090-exec-1] INFO  o.a.c.c.C.[Tomcat].[localhost].[/] - Initializing Spring DispatcherServlet 'dispatcherServlet'
2023-04-23 00:32:09 [http-nio-9090-exec-1] INFO  o.s.web.servlet.DispatcherServlet - Initializing Servlet 'dispatcherServlet'
2023-04-23 00:32:09 [http-nio-9090-exec-1] INFO  o.s.web.servlet.DispatcherServlet - Completed initialization in 0 ms
2023-04-23 00:32:09 [http-nio-9090-exec-1] INFO  com.zaxxer.hikari.HikariDataSource - HikariPool-1 - Starting...
2023-04-23 00:32:09 [http-nio-9090-exec-1] INFO  com.zaxxer.hikari.HikariDataSource - HikariPool-1 - Start completed.
2023-04-23 00:33:09 [http-nio-9090-exec-8] INFO  c.l.t.c.interceptor.JwtInterceptor - =============================
2023-04-23 00:33:09 [http-nio-9090-exec-8] INFO  c.l.t.c.interceptor.JwtInterceptor - POST study/statusUpdate
2023-04-23 00:33:09 [http-nio-9090-exec-8] INFO  c.l.t.c.interceptor.JwtInterceptor - Request Parameter = 19
2023-04-23 00:33:09 [http-nio-9090-exec-8] INFO  c.l.t.c.interceptor.JwtInterceptor - Requester = 1
2023-04-23 00:33:09 [http-nio-9090-exec-8] INFO  c.l.t.c.interceptor.JwtInterceptor - =============================
2023-04-23 00:33:20 [http-nio-9090-exec-2] INFO  c.l.t.c.interceptor.JwtInterceptor - =============================
2023-04-23 00:33:20 [http-nio-9090-exec-2] INFO  c.l.t.c.interceptor.JwtInterceptor - POST study/statusUpdate
2023-04-23 00:33:20 [http-nio-9090-exec-2] INFO  c.l.t.c.interceptor.JwtInterceptor - Request Parameter = 20
2023-04-23 00:33:20 [http-nio-9090-exec-2] INFO  c.l.t.c.interceptor.JwtInterceptor - Requester = 1
2023-04-23 00:33:20 [http-nio-9090-exec-2] INFO  c.l.t.c.interceptor.JwtInterceptor - =============================
2023-04-23 00:38:24 [http-nio-9090-exec-6] INFO  c.l.t.c.interceptor.JwtInterceptor - =============================
2023-04-23 00:38:24 [http-nio-9090-exec-6] INFO  c.l.t.c.interceptor.JwtInterceptor - POST visa/save
2023-04-23 00:38:24 [http-nio-9090-exec-6] INFO  c.l.t.c.interceptor.JwtInterceptor - Requester = 1
2023-04-23 00:38:24 [http-nio-9090-exec-6] INFO  c.l.t.c.interceptor.JwtInterceptor - =============================
2023-04-23 01:02:40 [SpringApplicationShutdownHook] INFO  com.zaxxer.hikari.HikariDataSource - HikariPool-1 - Shutdown initiated...
2023-04-23 01:02:40 [SpringApplicationShutdownHook] INFO  com.zaxxer.hikari.HikariDataSource - HikariPool-1 - Shutdown completed.
