2023-03-28 21:18:47 [main] INFO  c.l.t.ThailinkManageApplication - Starting ThailinkManageApplication using Java 18.0.2.1 on 刘天恩 with PID 15100 (C:\Users\liuti\IdeaProjects\thailinkManage\target\classes started by liuti in C:\Users\liuti\IdeaProjects\thailinkManage)
2023-03-28 21:18:47 [main] INFO  c.l.t.ThailinkManageApplication - No active profile set, falling back to 1 default profile: "default"
2023-03-28 21:18:47 [main] INFO  o.s.b.w.e.tomcat.TomcatWebServer - Tomcat initialized with port(s): 9090 (http)
2023-03-28 21:18:47 [main] INFO  o.a.coyote.http11.Http11NioProtocol - Initializing ProtocolHandler ["http-nio-9090"]
2023-03-28 21:18:47 [main] INFO  o.a.catalina.core.StandardService - Starting service [Tomcat]
2023-03-28 21:18:47 [main] INFO  o.a.catalina.core.StandardEngine - Starting Servlet engine: [Apache Tomcat/9.0.65]
2023-03-28 21:18:47 [main] INFO  o.a.c.c.C.[Tomcat].[localhost].[/] - Initializing Spring embedded WebApplicationContext
2023-03-28 21:18:47 [main] INFO  o.s.b.w.s.c.ServletWebServerApplicationContext - Root WebApplicationContext: initialization completed in 679 ms
2023-03-28 21:18:48 [main] WARN  c.b.m.c.injector.DefaultSqlInjector - class com.liu.thailink.entities.RoleMenu ,Not found @TableId annotation, Cannot use Mybatis-Plus 'xxById' Method.
2023-03-28 21:18:48 [main] INFO  o.a.coyote.http11.Http11NioProtocol - Starting ProtocolHandler ["http-nio-9090"]
2023-03-28 21:18:48 [main] INFO  o.s.b.w.e.tomcat.TomcatWebServer - Tomcat started on port(s): 9090 (http) with context path ''
2023-03-28 21:18:48 [main] INFO  c.l.t.ThailinkManageApplication - Started ThailinkManageApplication in 1.575 seconds (JVM running for 2.026)
2023-03-28 21:19:41 [http-nio-9090-exec-1] INFO  o.a.c.c.C.[Tomcat].[localhost].[/] - Initializing Spring DispatcherServlet 'dispatcherServlet'
2023-03-28 21:19:41 [http-nio-9090-exec-1] INFO  o.s.web.servlet.DispatcherServlet - Initializing Servlet 'dispatcherServlet'
2023-03-28 21:19:41 [http-nio-9090-exec-1] INFO  o.s.web.servlet.DispatcherServlet - Completed initialization in 0 ms
2023-03-28 21:19:41 [http-nio-9090-exec-1] INFO  c.l.t.c.interceptor.JwtInterceptor - Info message
2023-03-28 21:19:41 [http-nio-9090-exec-1] WARN  c.l.t.c.interceptor.JwtInterceptor - Warn message
2023-03-28 21:19:41 [http-nio-9090-exec-1] ERROR c.l.t.c.interceptor.JwtInterceptor - Error message
2023-03-28 21:19:41 [http-nio-9090-exec-1] INFO  com.zaxxer.hikari.HikariDataSource - HikariPool-1 - Starting...
2023-03-28 21:19:41 [http-nio-9090-exec-1] INFO  com.zaxxer.hikari.HikariDataSource - HikariPool-1 - Start completed.
2023-03-28 21:21:02 [SpringApplicationShutdownHook] INFO  com.zaxxer.hikari.HikariDataSource - HikariPool-1 - Shutdown initiated...
2023-03-28 21:21:02 [SpringApplicationShutdownHook] INFO  com.zaxxer.hikari.HikariDataSource - HikariPool-1 - Shutdown completed.
